<?xml version="1.0" encoding="UTF-8"?>
<!-- Generated by org.testng.reporters.JUnitReportReporter -->
<testsuite skipped="0" hostname="Apples-MacBook-Pro.local" name="runner.TestRunner" tests="5" failures="0" timestamp="2020-08-21T16:28:35 IST" time="381.214" errors="0">
  <testcase name="scenario" time="71.713" classname="runner.TestRunner"/>
  <system-out/>
  <testcase name="scenario" time="87.634" classname="runner.TestRunner"/>
  <system-out/>
  <testcase name="scenario" time="78.346" classname="runner.TestRunner"/>
  <system-out/>
  <testcase name="scenario" time="58.557" classname="runner.TestRunner"/>
  <system-out/>
  <testcase name="scenario" time="84.964" classname="runner.TestRunner"/>
  <system-out/>
</testsuite> <!-- runner.TestRunner -->
