<?xml version="1.0" encoding="UTF-8"?>
<!-- Generated by org.testng.reporters.JUnitReportReporter -->
<testsuite skipped="0" hostname="Apples-MacBook-Pro.local" name="runner.TestRunner" tests="5" failures="0" timestamp="2020-08-27T20:38:06 IST" time="220.074" errors="0">
  <testcase name="scenario" time="38.204" classname="runner.TestRunner"/>
  <system-out/>
  <testcase name="scenario" time="49.856" classname="runner.TestRunner"/>
  <system-out/>
  <testcase name="scenario" time="40.475" classname="runner.TestRunner"/>
  <system-out/>
  <testcase name="scenario" time="42.798" classname="runner.TestRunner"/>
  <system-out/>
  <testcase name="scenario" time="48.741" classname="runner.TestRunner"/>
  <system-out/>
</testsuite> <!-- runner.TestRunner -->
