<?xml version="1.0" encoding="UTF-8"?>
<!-- Generated by org.testng.reporters.JUnitReportReporter -->
<testsuite skipped="0" hostname="Apples-MacBook-Pro.local" name="runner.TestRunner" tests="5" failures="0" timestamp="2020-08-22T01:30:18 IST" time="436.383" errors="0">
  <testcase name="scenario" time="93.556" classname="runner.TestRunner"/>
  <system-out/>
  <testcase name="scenario" time="71.693" classname="runner.TestRunner"/>
  <system-out/>
  <testcase name="scenario" time="86.946" classname="runner.TestRunner"/>
  <system-out/>
  <testcase name="scenario" time="97.458" classname="runner.TestRunner"/>
  <system-out/>
  <testcase name="scenario" time="86.730" classname="runner.TestRunner"/>
  <system-out/>
</testsuite> <!-- runner.TestRunner -->
