<?xml version="1.0" encoding="UTF-8"?>
<!-- Generated by org.testng.reporters.JUnitReportReporter -->
<testsuite skipped="0" hostname="Apples-MacBook-Pro.local" name="runner.TestRunner" tests="4" failures="0" timestamp="2020-08-21T07:00:30 IST" time="314.462" errors="0">
  <testcase name="scenario" time="98.089" classname="runner.TestRunner"/>
  <system-out/>
  <testcase name="scenario" time="72.865" classname="runner.TestRunner"/>
  <system-out/>
  <testcase name="scenario" time="85.371" classname="runner.TestRunner"/>
  <system-out/>
  <testcase name="scenario" time="58.137" classname="runner.TestRunner"/>
  <system-out/>
</testsuite> <!-- runner.TestRunner -->
